2020-09-14 20:35:48.413  INFO 10352 --- [http-nio-8081-exec-6] o.s.boot.SpringApplication               : No active profile set, falling back to default profiles: default
2020-09-14 20:35:48.413  INFO 10352 --- [http-nio-8081-exec-6] o.s.boot.SpringApplication               : Started application in 3.564 seconds (JVM running for 1314.199)
2020-09-14 20:38:24.997  INFO 10352 --- [SpringContextShutdownHook] o.s.s.concurrent.ThreadPoolTaskExecutor  : Shutting down ExecutorService 'applicationTaskExecutor'
2020-09-14 20:38:39.948  INFO 8996 --- [main] c.e.S.SpringConfigClientApplication      : No active profile set, falling back to default profiles: default
2020-09-14 20:38:40.827  INFO 8996 --- [main] o.s.cloud.context.scope.GenericScope     : BeanFactory id=b37e831b-8a57-3149-b2ae-f0426ebed31d
2020-09-14 20:38:41.448  INFO 8996 --- [main] o.s.b.w.embedded.tomcat.TomcatWebServer  : Tomcat initialized with port(s): 8081 (http)
2020-09-14 20:38:41.463  INFO 8996 --- [main] o.apache.catalina.core.StandardService   : Starting service [Tomcat]
2020-09-14 20:38:41.464  INFO 8996 --- [main] org.apache.catalina.core.StandardEngine  : Starting Servlet engine: [Apache Tomcat/9.0.37]
2020-09-14 20:38:41.587  INFO 8996 --- [main] o.a.c.c.C.[Tomcat].[localhost].[/]       : Initializing Spring embedded WebApplicationContext
2020-09-14 20:38:41.587  INFO 8996 --- [main] w.s.c.ServletWebServerApplicationContext : Root WebApplicationContext: initialization completed in 1617 ms
2020-09-14 20:38:41.952  INFO 8996 --- [main] o.s.s.concurrent.ThreadPoolTaskExecutor  : Initializing ExecutorService 'applicationTaskExecutor'
2020-09-14 20:38:42.851  INFO 8996 --- [main] o.s.b.a.e.web.EndpointLinksResolver      : Exposing 16 endpoint(s) beneath base path '/actuator'
2020-09-14 20:38:42.919  INFO 8996 --- [main] o.s.b.w.embedded.tomcat.TomcatWebServer  : Tomcat started on port(s): 8081 (http) with context path ''
2020-09-14 20:38:43.434  INFO 8996 --- [main] c.e.S.SpringConfigClientApplication      : Started SpringConfigClientApplication in 7.464 seconds (JVM running for 7.958)
2020-09-14 20:38:54.917  INFO 8996 --- [http-nio-8081-exec-1] o.a.c.c.C.[Tomcat].[localhost].[/]       : Initializing Spring DispatcherServlet 'dispatcherServlet'
2020-09-14 20:38:54.933  INFO 8996 --- [http-nio-8081-exec-1] o.s.web.servlet.DispatcherServlet        : Initializing Servlet 'dispatcherServlet'
2020-09-14 20:38:54.933  INFO 8996 --- [http-nio-8081-exec-1] o.s.web.servlet.DispatcherServlet        : Completed initialization in 0 ms
2020-09-14 21:25:37.691  INFO 5876 --- [main] c.e.S.SpringConfigClientApplication      : No active profile set, falling back to default profiles: default
2020-09-14 21:25:38.628  INFO 5876 --- [main] o.s.cloud.context.scope.GenericScope     : BeanFactory id=28610e28-aeff-3512-854f-008b7cfd710d
2020-09-14 21:25:38.889  INFO 5876 --- [main] o.s.b.w.embedded.tomcat.TomcatWebServer  : Tomcat initialized with port(s): 8081 (http)
2020-09-14 21:25:38.899  INFO 5876 --- [main] o.apache.catalina.core.StandardService   : Starting service [Tomcat]
2020-09-14 21:25:38.900  INFO 5876 --- [main] org.apache.catalina.core.StandardEngine  : Starting Servlet engine: [Apache Tomcat/9.0.37]
2020-09-14 21:25:39.018  INFO 5876 --- [main] o.a.c.c.C.[Tomcat].[localhost].[/]       : Initializing Spring embedded WebApplicationContext
2020-09-14 21:25:39.018  INFO 5876 --- [main] w.s.c.ServletWebServerApplicationContext : Root WebApplicationContext: initialization completed in 1304 ms
2020-09-14 21:25:39.435  INFO 5876 --- [main] o.s.s.concurrent.ThreadPoolTaskExecutor  : Initializing ExecutorService 'applicationTaskExecutor'
2020-09-14 21:25:40.521  INFO 5876 --- [main] o.s.b.a.e.web.EndpointLinksResolver      : Exposing 16 endpoint(s) beneath base path '/actuator'
2020-09-14 21:25:40.673  INFO 5876 --- [main] o.s.b.w.embedded.tomcat.TomcatWebServer  : Tomcat started on port(s): 8081 (http) with context path ''
2020-09-14 21:25:41.233  INFO 5876 --- [RMI TCP Connection(1)-127.0.0.1] o.a.c.c.C.[Tomcat].[localhost].[/]       : Initializing Spring DispatcherServlet 'dispatcherServlet'
2020-09-14 21:25:41.235  INFO 5876 --- [RMI TCP Connection(1)-127.0.0.1] o.s.web.servlet.DispatcherServlet        : Initializing Servlet 'dispatcherServlet'
2020-09-14 21:25:41.248  INFO 5876 --- [RMI TCP Connection(1)-127.0.0.1] o.s.web.servlet.DispatcherServlet        : Completed initialization in 12 ms
2020-09-14 21:25:41.588  INFO 5876 --- [main] c.e.S.SpringConfigClientApplication      : Started SpringConfigClientApplication in 7.961 seconds (JVM running for 9.442)
2020-09-14 21:38:29.437  INFO 5876 --- [RMI TCP Connection(3)-127.0.0.1] inMXBeanRegistrar$SpringApplicationAdmin : Application shutdown requested.
2020-09-14 21:38:29.851  INFO 5876 --- [RMI TCP Connection(3)-127.0.0.1] o.apache.catalina.core.StandardService   : Stopping service [Tomcat]
2020-09-14 21:38:29.855  INFO 5876 --- [RMI TCP Connection(3)-127.0.0.1] o.a.c.c.C.[Tomcat].[localhost].[/]       : Destroying Spring FrameworkServlet 'dispatcherServlet'
2020-09-14 21:38:29.873  INFO 5876 --- [RMI TCP Connection(3)-127.0.0.1] o.s.s.concurrent.ThreadPoolTaskExecutor  : Shutting down ExecutorService 'applicationTaskExecutor'
2020-09-14 21:41:43.008  INFO 13020 --- [main] c.e.S.SpringConfigClientApplication      : No active profile set, falling back to default profiles: default
2020-09-14 21:41:43.965  INFO 13020 --- [main] o.s.cloud.context.scope.GenericScope     : BeanFactory id=28610e28-aeff-3512-854f-008b7cfd710d
2020-09-14 21:41:44.233  INFO 13020 --- [main] o.s.b.w.embedded.tomcat.TomcatWebServer  : Tomcat initialized with port(s): 8081 (http)
2020-09-14 21:41:44.243  INFO 13020 --- [main] o.apache.catalina.core.StandardService   : Starting service [Tomcat]
2020-09-14 21:41:44.244  INFO 13020 --- [main] org.apache.catalina.core.StandardEngine  : Starting Servlet engine: [Apache Tomcat/9.0.37]
2020-09-14 21:41:44.376  INFO 13020 --- [main] o.a.c.c.C.[Tomcat].[localhost].[/]       : Initializing Spring embedded WebApplicationContext
2020-09-14 21:41:44.376  INFO 13020 --- [main] w.s.c.ServletWebServerApplicationContext : Root WebApplicationContext: initialization completed in 1342 ms
2020-09-14 21:41:44.788  INFO 13020 --- [main] o.s.s.concurrent.ThreadPoolTaskExecutor  : Initializing ExecutorService 'applicationTaskExecutor'
2020-09-14 21:41:45.821  INFO 13020 --- [main] o.s.b.a.e.web.EndpointLinksResolver      : Exposing 16 endpoint(s) beneath base path '/actuator'
2020-09-14 21:41:45.930  INFO 13020 --- [main] o.s.b.w.embedded.tomcat.TomcatWebServer  : Tomcat started on port(s): 8081 (http) with context path ''
2020-09-14 21:41:46.507  INFO 13020 --- [RMI TCP Connection(1)-127.0.0.1] o.a.c.c.C.[Tomcat].[localhost].[/]       : Initializing Spring DispatcherServlet 'dispatcherServlet'
2020-09-14 21:41:46.509  INFO 13020 --- [RMI TCP Connection(1)-127.0.0.1] o.s.web.servlet.DispatcherServlet        : Initializing Servlet 'dispatcherServlet'
2020-09-14 21:41:46.518  INFO 13020 --- [RMI TCP Connection(1)-127.0.0.1] o.s.web.servlet.DispatcherServlet        : Completed initialization in 9 ms
2020-09-14 21:41:46.607  INFO 13020 --- [main] c.e.S.SpringConfigClientApplication      : Started SpringConfigClientApplication in 10.533 seconds (JVM running for 11.948)
2020-09-14 21:53:58.044  INFO 13020 --- [RMI TCP Connection(3)-127.0.0.1] inMXBeanRegistrar$SpringApplicationAdmin : Application shutdown requested.
2020-09-14 21:53:58.403  INFO 13020 --- [RMI TCP Connection(3)-127.0.0.1] o.apache.catalina.core.StandardService   : Stopping service [Tomcat]
2020-09-14 21:53:58.407  INFO 13020 --- [RMI TCP Connection(3)-127.0.0.1] o.a.c.c.C.[Tomcat].[localhost].[/]       : Destroying Spring FrameworkServlet 'dispatcherServlet'
2020-09-14 21:53:58.425  INFO 13020 --- [RMI TCP Connection(3)-127.0.0.1] o.s.s.concurrent.ThreadPoolTaskExecutor  : Shutting down ExecutorService 'applicationTaskExecutor'
2020-09-14 22:33:43,234 [restartedMain] [INFO ] o.s.c.c.c.ConfigServicePropertySourceLocator = Fetching config from server at : http://localhost:8888/
2020-09-14 22:33:44,604 [restartedMain] [INFO ] o.s.c.c.c.ConfigServicePropertySourceLocator = Located environment: name=client, profiles=[default], label=null, version=5ebf25b6315ed20289a4b27ea3607083695d7048, state=null
2020-09-14 22:33:44,604 [restartedMain] [INFO ] o.s.c.b.c.PropertySourceBootstrapConfiguration = Located property source: [BootstrapPropertySource {name='bootstrapProperties-configClient'}, BootstrapPropertySource {name='bootstrapProperties-https://github.com/fxzoa/app-config/client.properties'}, BootstrapPropertySource {name='bootstrapProperties-https://github.com/fxzoa/app-config/application.properties'}]
2020-09-14 22:33:44,614 [restartedMain] [INFO ] c.e.S.SpringConfigClientApplication = No active profile set, falling back to default profiles: default
2020-09-14 22:33:45,185 [restartedMain] [INFO ] o.s.cloud.context.scope.GenericScope = BeanFactory id=036c520f-7582-3445-9a59-de59af0764f5
2020-09-14 22:33:45,264 [restartedMain] [INFO ] o.s.b.w.embedded.tomcat.TomcatWebServer = Tomcat initialized with port(s): 8081 (http)
2020-09-14 22:33:45,265 [restartedMain] [INFO ] o.apache.coyote.http11.Http11NioProtocol = Initializing ProtocolHandler ["http-nio-8081"]
2020-09-14 22:33:45,266 [restartedMain] [INFO ] org.apache.catalina.core.StandardService = Starting service [Tomcat]
2020-09-14 22:33:45,266 [restartedMain] [INFO ] org.apache.catalina.core.StandardEngine = Starting Servlet engine: [Apache Tomcat/9.0.37]
2020-09-14 22:33:45,300 [restartedMain] [INFO ] o.a.c.c.C.[Tomcat].[localhost].[/] = Initializing Spring embedded WebApplicationContext
2020-09-14 22:33:45,300 [restartedMain] [INFO ] o.s.b.w.s.c.ServletWebServerApplicationContext = Root WebApplicationContext: initialization completed in 682 ms
2020-09-14 22:33:45,426 [restartedMain] [INFO ] o.s.s.concurrent.ThreadPoolTaskExecutor = Initializing ExecutorService 'applicationTaskExecutor'
2020-09-14 22:33:45,603 [restartedMain] [INFO ] o.s.b.d.a.OptionalLiveReloadServer = LiveReload server is running on port 35729
2020-09-14 22:33:46,308 [restartedMain] [INFO ] o.s.b.a.e.web.EndpointLinksResolver = Exposing 16 endpoint(s) beneath base path '/actuator'
2020-09-14 22:33:46,348 [restartedMain] [INFO ] o.apache.coyote.http11.Http11NioProtocol = Starting ProtocolHandler ["http-nio-8081"]
2020-09-14 22:33:46,353 [restartedMain] [INFO ] o.s.b.w.embedded.tomcat.TomcatWebServer = Tomcat started on port(s): 8081 (http) with context path ''
2020-09-14 22:33:46,892 [restartedMain] [INFO ] c.e.SpringConfigClient.HelloController = ## message: Hello client!!!!!!!!!!!!!!!!!!!!!!!!!!!!!, common: common ##
2020-09-14 22:33:46,903 [restartedMain] [INFO ] c.e.S.SpringConfigClientApplication = Started SpringConfigClientApplication in 4.727 seconds (JVM running for 197.83)
2020-09-14 22:33:46,906 [restartedMain] [INFO ] o.s.b.d.a.ConditionEvaluationDeltaLoggingListener = Condition evaluation unchanged
2020-09-14 22:33:46,907 [restartedMain] [INFO ] c.e.S.SpringConfigClientApplication = ## main start ##
2020-09-14 22:34:06,450 [http-nio-8081-exec-1] [INFO ] o.a.c.c.C.[Tomcat].[localhost].[/] = Initializing Spring DispatcherServlet 'dispatcherServlet'
2020-09-14 22:34:06,451 [http-nio-8081-exec-1] [INFO ] o.s.web.servlet.DispatcherServlet = Initializing Servlet 'dispatcherServlet'
2020-09-14 22:34:06,459 [http-nio-8081-exec-1] [INFO ] o.s.web.servlet.DispatcherServlet = Completed initialization in 7 ms
2020-09-14 22:34:06,486 [http-nio-8081-exec-1] [INFO ] c.e.SpringConfigClient.HelloController = ## message: Hello client!!!!!!!!!!!!!!!!!!!!!!!!!!!!!, common: common ##
2020-09-14 22:40:47,716 [Thread-27] [INFO ] o.s.s.concurrent.ThreadPoolTaskExecutor = Shutting down ExecutorService 'applicationTaskExecutor'
2020-09-14 22:40:49,053 [restartedMain] [INFO ] o.s.c.c.c.ConfigServicePropertySourceLocator = Fetching config from server at : http://localhost:8888/
2020-09-14 22:40:50,681 [restartedMain] [INFO ] o.s.c.c.c.ConfigServicePropertySourceLocator = Located environment: name=client, profiles=[default], label=null, version=5ebf25b6315ed20289a4b27ea3607083695d7048, state=null
2020-09-14 22:40:50,682 [restartedMain] [INFO ] o.s.c.b.c.PropertySourceBootstrapConfiguration = Located property source: [BootstrapPropertySource {name='bootstrapProperties-configClient'}, BootstrapPropertySource {name='bootstrapProperties-https://github.com/fxzoa/app-config/client.properties'}, BootstrapPropertySource {name='bootstrapProperties-https://github.com/fxzoa/app-config/application.properties'}]
2020-09-14 22:40:50,695 [restartedMain] [INFO ] c.e.S.SpringConfigClientApplication = No active profile set, falling back to default profiles: default
2020-09-14 22:40:51,179 [restartedMain] [INFO ] o.s.cloud.context.scope.GenericScope = BeanFactory id=036c520f-7582-3445-9a59-de59af0764f5
2020-09-14 22:40:51,251 [restartedMain] [INFO ] o.s.b.w.embedded.tomcat.TomcatWebServer = Tomcat initialized with port(s): 8081 (http)
2020-09-14 22:40:51,252 [restartedMain] [INFO ] o.apache.coyote.http11.Http11NioProtocol = Initializing ProtocolHandler ["http-nio-8081"]
2020-09-14 22:40:51,253 [restartedMain] [INFO ] org.apache.catalina.core.StandardService = Starting service [Tomcat]
2020-09-14 22:40:51,253 [restartedMain] [INFO ] org.apache.catalina.core.StandardEngine = Starting Servlet engine: [Apache Tomcat/9.0.37]
2020-09-14 22:40:51,292 [restartedMain] [INFO ] o.a.c.c.C.[Tomcat].[localhost].[/] = Initializing Spring embedded WebApplicationContext
2020-09-14 22:40:51,293 [restartedMain] [INFO ] o.s.b.w.s.c.ServletWebServerApplicationContext = Root WebApplicationContext: initialization completed in 594 ms
2020-09-14 22:40:51,408 [restartedMain] [INFO ] o.s.s.concurrent.ThreadPoolTaskExecutor = Initializing ExecutorService 'applicationTaskExecutor'
2020-09-14 22:40:51,598 [restartedMain] [INFO ] o.s.b.d.a.OptionalLiveReloadServer = LiveReload server is running on port 35729
2020-09-14 22:40:52,199 [restartedMain] [INFO ] o.s.b.a.e.web.EndpointLinksResolver = Exposing 16 endpoint(s) beneath base path '/actuator'
2020-09-14 22:40:52,231 [restartedMain] [INFO ] o.apache.coyote.http11.Http11NioProtocol = Starting ProtocolHandler ["http-nio-8081"]
2020-09-14 22:40:52,235 [restartedMain] [INFO ] o.s.b.w.embedded.tomcat.TomcatWebServer = Tomcat started on port(s): 8081 (http) with context path ''
2020-09-14 22:40:52,696 [restartedMain] [INFO ] c.e.SpringConfigClient.HelloController = ## message: Hello client!!!!!!!!!!!!!!!!!!!!!!!!!!!!!, common: common ##
2020-09-14 22:40:52,707 [restartedMain] [INFO ] c.e.S.SpringConfigClientApplication = Started SpringConfigClientApplication in 4.898 seconds (JVM running for 623.634)
2020-09-14 22:40:52,710 [restartedMain] [INFO ] o.s.b.d.a.ConditionEvaluationDeltaLoggingListener = Condition evaluation unchanged
2020-09-14 22:40:52,711 [restartedMain] [INFO ] c.e.S.SpringConfigClientApplication = ## main start ##
2020-09-14 22:43:04,378 [RMI TCP Connection(2)-127.0.0.1] [INFO ] o.s.b.a.SpringApplicationAdminMXBeanRegistrar$SpringApplicationAdmin = Application shutdown requested.
2020-09-14 22:43:04,381 [RMI TCP Connection(2)-127.0.0.1] [INFO ] o.apache.coyote.http11.Http11NioProtocol = Pausing ProtocolHandler ["http-nio-8081"]
2020-09-14 22:43:04,775 [RMI TCP Connection(2)-127.0.0.1] [INFO ] org.apache.catalina.core.StandardService = Stopping service [Tomcat]
2020-09-14 22:43:04,782 [RMI TCP Connection(2)-127.0.0.1] [INFO ] o.apache.coyote.http11.Http11NioProtocol = Stopping ProtocolHandler ["http-nio-8081"]
2020-09-14 22:43:04,787 [RMI TCP Connection(2)-127.0.0.1] [INFO ] o.apache.coyote.http11.Http11NioProtocol = Destroying ProtocolHandler ["http-nio-8081"]
2020-09-14 22:43:04,792 [RMI TCP Connection(2)-127.0.0.1] [INFO ] o.s.s.concurrent.ThreadPoolTaskExecutor = Shutting down ExecutorService 'applicationTaskExecutor'
2020-09-14 22:43:24,964 [restartedMain] [INFO ] o.s.b.d.e.DevToolsPropertyDefaultsPostProcessor = Devtools property defaults active! Set 'spring.devtools.add-properties' to 'false' to disable
2020-09-14 22:43:25,875 [restartedMain] [INFO ] o.s.c.c.c.ConfigServicePropertySourceLocator = Fetching config from server at : http://localhost:8888/
2020-09-14 22:43:28,323 [restartedMain] [INFO ] o.s.c.c.c.ConfigServicePropertySourceLocator = Located environment: name=client, profiles=[default], label=null, version=9b1cf0bcbfcbda987ed081d1da0d257df5cafac0, state=null
2020-09-14 22:43:28,325 [restartedMain] [INFO ] o.s.c.b.c.PropertySourceBootstrapConfiguration = Located property source: [BootstrapPropertySource {name='bootstrapProperties-configClient'}, BootstrapPropertySource {name='bootstrapProperties-https://github.com/fxzoa/app-config/client.properties'}, BootstrapPropertySource {name='bootstrapProperties-https://github.com/fxzoa/app-config/application.properties'}]
2020-09-14 22:43:28,348 [restartedMain] [INFO ] c.e.S.SpringConfigClientApplication = No active profile set, falling back to default profiles: default
2020-09-14 22:43:29,461 [restartedMain] [INFO ] o.s.cloud.context.scope.GenericScope = BeanFactory id=1736df3e-dc0a-3e86-89f7-4259afcfede2
2020-09-14 22:43:30,048 [restartedMain] [INFO ] o.s.b.w.embedded.tomcat.TomcatWebServer = Tomcat initialized with port(s): 8081 (http)
2020-09-14 22:43:30,059 [restartedMain] [INFO ] o.apache.coyote.http11.Http11NioProtocol = Initializing ProtocolHandler ["http-nio-8081"]
2020-09-14 22:43:30,059 [restartedMain] [INFO ] org.apache.catalina.core.StandardService = Starting service [Tomcat]
2020-09-14 22:43:30,060 [restartedMain] [INFO ] org.apache.catalina.core.StandardEngine = Starting Servlet engine: [Apache Tomcat/9.0.37]
2020-09-14 22:43:30,181 [restartedMain] [INFO ] o.a.c.c.C.[Tomcat].[localhost].[/] = Initializing Spring embedded WebApplicationContext
2020-09-14 22:43:30,181 [restartedMain] [INFO ] o.s.b.w.s.c.ServletWebServerApplicationContext = Root WebApplicationContext: initialization completed in 1808 ms
2020-09-14 22:43:30,563 [restartedMain] [INFO ] o.s.s.concurrent.ThreadPoolTaskExecutor = Initializing ExecutorService 'applicationTaskExecutor'
2020-09-14 22:43:30,955 [restartedMain] [INFO ] o.s.b.d.a.OptionalLiveReloadServer = LiveReload server is running on port 35729
2020-09-14 22:43:31,569 [restartedMain] [INFO ] o.s.b.a.e.web.EndpointLinksResolver = Exposing 15 endpoint(s) beneath base path '/actuator'
2020-09-14 22:43:31,658 [restartedMain] [INFO ] o.apache.coyote.http11.Http11NioProtocol = Starting ProtocolHandler ["http-nio-8081"]
2020-09-14 22:43:31,687 [restartedMain] [INFO ] o.s.b.w.embedded.tomcat.TomcatWebServer = Tomcat started on port(s): 8081 (http) with context path ''
2020-09-14 22:43:32,210 [restartedMain] [INFO ] c.e.SpringConfigClient.HelloController = ## message: Hello client!!!!!!!!!!!!!!!!!!!!!!!!!!!!!, common: common ##
2020-09-14 22:43:32,231 [restartedMain] [INFO ] c.e.S.SpringConfigClientApplication = Started SpringConfigClientApplication in 8.4 seconds (JVM running for 9.869)
2020-09-14 22:43:32,239 [restartedMain] [INFO ] c.e.S.SpringConfigClientApplication = ## main start ##
2020-09-14 22:43:55,481 [http-nio-8081-exec-1] [INFO ] o.a.c.c.C.[Tomcat].[localhost].[/] = Initializing Spring DispatcherServlet 'dispatcherServlet'
2020-09-14 22:43:55,482 [http-nio-8081-exec-1] [INFO ] o.s.web.servlet.DispatcherServlet = Initializing Servlet 'dispatcherServlet'
2020-09-14 22:43:55,490 [http-nio-8081-exec-1] [INFO ] o.s.web.servlet.DispatcherServlet = Completed initialization in 7 ms
2020-09-14 22:43:55,520 [http-nio-8081-exec-1] [INFO ] c.e.SpringConfigClient.HelloController = ## message: Hello client!!!!!!!!!!!!!!!!!!!!!!!!!!!!!, common: common ##
2020-09-14 22:43:58,339 [http-nio-8081-exec-2] [INFO ] c.e.SpringConfigClient.HelloController = ## message: Hello client!!!!!!!!!!!!!!!!!!!!!!!!!!!!!, common: common ##
2020-09-14 22:43:59,218 [http-nio-8081-exec-4] [INFO ] c.e.SpringConfigClient.HelloController = ## message: Hello client!!!!!!!!!!!!!!!!!!!!!!!!!!!!!, common: common ##
2020-09-14 22:43:59,809 [http-nio-8081-exec-5] [INFO ] c.e.SpringConfigClient.HelloController = ## message: Hello client!!!!!!!!!!!!!!!!!!!!!!!!!!!!!, common: common ##
2020-09-14 22:44:00,297 [http-nio-8081-exec-6] [INFO ] c.e.SpringConfigClient.HelloController = ## message: Hello client!!!!!!!!!!!!!!!!!!!!!!!!!!!!!, common: common ##
2020-09-14 22:44:00,655 [http-nio-8081-exec-8] [INFO ] c.e.SpringConfigClient.HelloController = ## message: Hello client!!!!!!!!!!!!!!!!!!!!!!!!!!!!!, common: common ##
2020-09-14 22:44:01,068 [http-nio-8081-exec-9] [INFO ] c.e.SpringConfigClient.HelloController = ## message: Hello client!!!!!!!!!!!!!!!!!!!!!!!!!!!!!, common: common ##
2020-09-14 22:44:01,489 [http-nio-8081-exec-10] [INFO ] c.e.SpringConfigClient.HelloController = ## message: Hello client!!!!!!!!!!!!!!!!!!!!!!!!!!!!!, common: common ##
2020-09-14 22:44:01,850 [http-nio-8081-exec-1] [INFO ] c.e.SpringConfigClient.HelloController = ## message: Hello client!!!!!!!!!!!!!!!!!!!!!!!!!!!!!, common: common ##
2020-09-14 22:44:02,133 [http-nio-8081-exec-2] [INFO ] c.e.SpringConfigClient.HelloController = ## message: Hello client!!!!!!!!!!!!!!!!!!!!!!!!!!!!!, common: common ##
2020-09-14 22:44:02,450 [http-nio-8081-exec-4] [INFO ] c.e.SpringConfigClient.HelloController = ## message: Hello client!!!!!!!!!!!!!!!!!!!!!!!!!!!!!, common: common ##
2020-09-14 22:48:02,701 [RMI TCP Connection(2)-127.0.0.1] [INFO ] o.s.b.a.SpringApplicationAdminMXBeanRegistrar$SpringApplicationAdmin = Application shutdown requested.
2020-09-14 22:48:02,707 [RMI TCP Connection(2)-127.0.0.1] [INFO ] o.apache.coyote.http11.Http11NioProtocol = Pausing ProtocolHandler ["http-nio-8081"]
2020-09-14 22:48:03,039 [RMI TCP Connection(2)-127.0.0.1] [INFO ] org.apache.catalina.core.StandardService = Stopping service [Tomcat]
2020-09-14 22:48:03,043 [RMI TCP Connection(2)-127.0.0.1] [INFO ] o.a.c.c.C.[Tomcat].[localhost].[/] = Destroying Spring FrameworkServlet 'dispatcherServlet'
2020-09-14 22:48:03,053 [RMI TCP Connection(2)-127.0.0.1] [INFO ] o.apache.coyote.http11.Http11NioProtocol = Stopping ProtocolHandler ["http-nio-8081"]
2020-09-14 22:48:03,059 [RMI TCP Connection(2)-127.0.0.1] [INFO ] o.apache.coyote.http11.Http11NioProtocol = Destroying ProtocolHandler ["http-nio-8081"]
2020-09-14 22:48:03,065 [RMI TCP Connection(2)-127.0.0.1] [INFO ] o.s.s.concurrent.ThreadPoolTaskExecutor = Shutting down ExecutorService 'applicationTaskExecutor'
2020-09-14 22:48:29,225 [restartedMain] [INFO ] o.s.b.d.e.DevToolsPropertyDefaultsPostProcessor = Devtools property defaults active! Set 'spring.devtools.add-properties' to 'false' to disable
2020-09-14 22:48:30,194 [restartedMain] [INFO ] o.s.c.c.c.ConfigServicePropertySourceLocator = Fetching config from server at : http://localhost:8888/
2020-09-14 22:48:32,744 [restartedMain] [INFO ] o.s.c.c.c.ConfigServicePropertySourceLocator = Located environment: name=client, profiles=[default], label=null, version=63b2e12b0f23c518585562ca8bf20ddb1d2d4aa8, state=null
2020-09-14 22:48:32,746 [restartedMain] [INFO ] o.s.c.b.c.PropertySourceBootstrapConfiguration = Located property source: [BootstrapPropertySource {name='bootstrapProperties-configClient'}, BootstrapPropertySource {name='bootstrapProperties-https://github.com/fxzoa/app-config/client.properties'}, BootstrapPropertySource {name='bootstrapProperties-https://github.com/fxzoa/app-config/application.properties'}]
2020-09-14 22:48:32,772 [restartedMain] [INFO ] c.e.S.SpringConfigClientApplication = No active profile set, falling back to default profiles: default
2020-09-14 22:48:33,954 [restartedMain] [INFO ] o.s.cloud.context.scope.GenericScope = BeanFactory id=1736df3e-dc0a-3e86-89f7-4259afcfede2
2020-09-14 22:48:34,525 [restartedMain] [INFO ] o.s.b.w.embedded.tomcat.TomcatWebServer = Tomcat initialized with port(s): 8081 (http)
2020-09-14 22:48:34,538 [restartedMain] [INFO ] o.apache.coyote.http11.Http11NioProtocol = Initializing ProtocolHandler ["http-nio-8081"]
2020-09-14 22:48:34,538 [restartedMain] [INFO ] org.apache.catalina.core.StandardService = Starting service [Tomcat]
2020-09-14 22:48:34,539 [restartedMain] [INFO ] org.apache.catalina.core.StandardEngine = Starting Servlet engine: [Apache Tomcat/9.0.37]
2020-09-14 22:48:34,680 [restartedMain] [INFO ] o.a.c.c.C.[Tomcat].[localhost].[/] = Initializing Spring embedded WebApplicationContext
2020-09-14 22:48:34,680 [restartedMain] [INFO ] o.s.b.w.s.c.ServletWebServerApplicationContext = Root WebApplicationContext: initialization completed in 1886 ms
2020-09-14 22:48:35,135 [restartedMain] [INFO ] o.s.s.concurrent.ThreadPoolTaskExecutor = Initializing ExecutorService 'applicationTaskExecutor'
2020-09-14 22:48:35,555 [restartedMain] [INFO ] o.s.b.d.a.OptionalLiveReloadServer = LiveReload server is running on port 35729
2020-09-14 22:48:36,147 [restartedMain] [INFO ] o.s.b.a.e.web.EndpointLinksResolver = Exposing 15 endpoint(s) beneath base path '/actuator'
2020-09-14 22:48:36,242 [restartedMain] [INFO ] o.apache.coyote.http11.Http11NioProtocol = Starting ProtocolHandler ["http-nio-8081"]
2020-09-14 22:48:36,273 [restartedMain] [INFO ] o.s.b.w.embedded.tomcat.TomcatWebServer = Tomcat started on port(s): 8081 (http) with context path ''
2020-09-14 22:48:36,806 [restartedMain] [INFO ] c.e.SpringConfigClient.HelloController = ## message: Hello client!!!!!!!!!!!!!!!!!!!!!!!!!!!!!, common: common ##
2020-09-14 22:48:36,826 [restartedMain] [INFO ] c.e.S.SpringConfigClientApplication = Started SpringConfigClientApplication in 8.783 seconds (JVM running for 10.301)
2020-09-14 22:48:36,833 [restartedMain] [INFO ] c.e.S.SpringConfigClientApplication = ## main start ##
2020-09-14 22:48:55,172 [http-nio-8081-exec-1] [INFO ] o.a.c.c.C.[Tomcat].[localhost].[/] = Initializing Spring DispatcherServlet 'dispatcherServlet'
2020-09-14 22:48:55,173 [http-nio-8081-exec-1] [INFO ] o.s.web.servlet.DispatcherServlet = Initializing Servlet 'dispatcherServlet'
2020-09-14 22:48:55,181 [http-nio-8081-exec-1] [INFO ] o.s.web.servlet.DispatcherServlet = Completed initialization in 8 ms
2020-09-14 22:48:57,509 [http-nio-8081-exec-2] [INFO ] c.e.SpringConfigClient.HelloController = ## message: Hello client!!!!!!!!!!!!!!!!!!!!!!!!!!!!!, common: common ##
2020-09-14 22:48:58,673 [http-nio-8081-exec-3] [INFO ] c.e.SpringConfigClient.HelloController = ## message: Hello client!!!!!!!!!!!!!!!!!!!!!!!!!!!!!, common: common ##
2020-09-14 22:48:59,304 [http-nio-8081-exec-5] [INFO ] c.e.SpringConfigClient.HelloController = ## message: Hello client!!!!!!!!!!!!!!!!!!!!!!!!!!!!!, common: common ##
2020-09-14 22:48:59,845 [http-nio-8081-exec-6] [INFO ] c.e.SpringConfigClient.HelloController = ## message: Hello client!!!!!!!!!!!!!!!!!!!!!!!!!!!!!, common: common ##
2020-09-14 23:21:03,646 [RMI TCP Connection(2)-127.0.0.1] [INFO ] o.s.b.a.SpringApplicationAdminMXBeanRegistrar$SpringApplicationAdmin = Application shutdown requested.
2020-09-14 23:21:03,650 [RMI TCP Connection(2)-127.0.0.1] [INFO ] o.apache.coyote.http11.Http11NioProtocol = Pausing ProtocolHandler ["http-nio-8081"]
2020-09-14 23:21:03,947 [RMI TCP Connection(2)-127.0.0.1] [INFO ] org.apache.catalina.core.StandardService = Stopping service [Tomcat]
2020-09-14 23:21:03,947 [RMI TCP Connection(2)-127.0.0.1] [INFO ] o.a.c.c.C.[Tomcat].[localhost].[/] = Destroying Spring FrameworkServlet 'dispatcherServlet'
2020-09-14 23:21:03,947 [RMI TCP Connection(2)-127.0.0.1] [INFO ] o.apache.coyote.http11.Http11NioProtocol = Stopping ProtocolHandler ["http-nio-8081"]
2020-09-14 23:21:03,963 [RMI TCP Connection(2)-127.0.0.1] [INFO ] o.apache.coyote.http11.Http11NioProtocol = Destroying ProtocolHandler ["http-nio-8081"]
2020-09-14 23:21:03,963 [RMI TCP Connection(2)-127.0.0.1] [INFO ] o.s.s.concurrent.ThreadPoolTaskExecutor = Shutting down ExecutorService 'applicationTaskExecutor'
